<?xml version="1.0" encoding="UTF-8"?>
<testng-results skipped="0" failed="0" ignored="0" total="1" passed="1">
  <reporter-output>
  </reporter-output>
  <suite name="Default suite" duration-ms="307" started-at="2019-07-09T06:29:36Z" finished-at="2019-07-09T06:29:37Z">
    <groups>
      <group name="cucumber">
        <method signature="AbstractTestNGCucumberTests.runScenario(io.cucumber.testng.PickleEventWrapper, io.cucumber.testng.CucumberFeatureWrapper)[pri:0, instance:com.framework.helper.TestRunner@1794d431]" name="runScenario" class="io.cucumber.testng.AbstractTestNGCucumberTests"/>
      </group> <!-- cucumber -->
    </groups>
    <test name="Default test" duration-ms="307" started-at="2019-07-09T06:29:36Z" finished-at="2019-07-09T06:29:37Z">
      <class name="com.framework.helper.TestRunner">
        <test-method status="PASS" signature="setUpClass()[pri:0, instance:com.framework.helper.TestRunner@1794d431]" name="setUpClass" is-config="true" duration-ms="68" started-at="2019-07-09T06:29:36Z" finished-at="2019-07-09T06:29:37Z">
          <reporter-output>
          </reporter-output>
        </test-method> <!-- setUpClass -->
        <test-method status="PASS" signature="runScenario(io.cucumber.testng.PickleEventWrapper, io.cucumber.testng.CucumberFeatureWrapper)[pri:0, instance:com.framework.helper.TestRunner@1794d431]" name="runScenario" duration-ms="140" started-at="2019-07-09T06:29:37Z" description="Runs Cucumber Scenarios" data-provider="scenarios" finished-at="2019-07-09T06:29:37Z">
          <params>
            <param index="0">
              <value>
                <![CDATA["User can search item with search bar"]]>
              </value>
            </param>
            <param index="1">
              <value>
                <![CDATA["Search Product"]]>
              </value>
            </param>
          </params>
          <reporter-output>
          </reporter-output>
        </test-method> <!-- runScenario -->
        <test-method status="PASS" signature="tearDownClass()[pri:0, instance:com.framework.helper.TestRunner@1794d431]" name="tearDownClass" is-config="true" duration-ms="1" started-at="2019-07-09T06:29:37Z" finished-at="2019-07-09T06:29:37Z">
          <reporter-output>
          </reporter-output>
        </test-method> <!-- tearDownClass -->
      </class> <!-- com.framework.helper.TestRunner -->
    </test> <!-- Default test -->
  </suite> <!-- Default suite -->
</testng-results>
